Determining if the pthread_create exist failed with the following output:
Change Dir: /home/robond/Desktop/workspace/GoChaseIt/catkin_ws/build/CMakeFiles/CMakeTmp

Run Build Command:"/usr/bin/make" "cmTC_efd7d/fast"
/usr/bin/make -f CMakeFiles/cmTC_efd7d.dir/build.make CMakeFiles/cmTC_efd7d.dir/build
make[1]: Entering directory '/home/robond/Desktop/workspace/GoChaseIt/catkin_ws/build/CMakeFiles/CMakeTmp'
Building C object CMakeFiles/cmTC_efd7d.dir/CheckSymbolExists.c.o
/usr/bin/cc     -o CMakeFiles/cmTC_efd7d.dir/CheckSymbolExists.c.o   -c /home/robond/Desktop/workspace/GoChaseIt/catkin_ws/build/CMakeFiles/CMakeTmp/CheckSymbolExists.c
Linking C executable cmTC_efd7d
/usr/bin/cmake -E cmake_link_script CMakeFiles/cmTC_efd7d.dir/link.txt --verbose=1
/usr/bin/cc       CMakeFiles/cmTC_efd7d.dir/CheckSymbolExists.c.o  -o cmTC_efd7d -rdynamic 
CMakeFiles/cmTC_efd7d.dir/CheckSymbolExists.c.o: In function `main':
CheckSymbolExists.c:(.text+0x16): undefined reference to `pthread_create'
collect2: error: ld returned 1 exit status
CMakeFiles/cmTC_efd7d.dir/build.make:97: recipe for target 'cmTC_efd7d' failed
make[1]: *** [cmTC_efd7d] Error 1
make[1]: Leaving directory '/home/robond/Desktop/workspace/GoChaseIt/catkin_ws/build/CMakeFiles/CMakeTmp'
Makefile:126: recipe for target 'cmTC_efd7d/fast' failed
make: *** [cmTC_efd7d/fast] Error 2

File /home/robond/Desktop/workspace/GoChaseIt/catkin_ws/build/CMakeFiles/CMakeTmp/CheckSymbolExists.c:
/* */
#include <pthread.h>

int main(int argc, char** argv)
{
  (void)argv;
#ifndef pthread_create
  return ((int*)(&pthread_create))[argc];
#else
  (void)argc;
  return 0;
#endif
}

Determining if the function pthread_create exists in the pthreads failed with the following output:
Change Dir: /home/robond/Desktop/workspace/GoChaseIt/catkin_ws/build/CMakeFiles/CMakeTmp

Run Build Command:"/usr/bin/make" "cmTC_a9725/fast"
/usr/bin/make -f CMakeFiles/cmTC_a9725.dir/build.make CMakeFiles/cmTC_a9725.dir/build
make[1]: Entering directory '/home/robond/Desktop/workspace/GoChaseIt/catkin_ws/build/CMakeFiles/CMakeTmp'
Building C object CMakeFiles/cmTC_a9725.dir/CheckFunctionExists.c.o
/usr/bin/cc    -DCHECK_FUNCTION_EXISTS=pthread_create   -o CMakeFiles/cmTC_a9725.dir/CheckFunctionExists.c.o   -c /usr/share/cmake-3.5/Modules/CheckFunctionExists.c
Linking C executable cmTC_a9725
/usr/bin/cmake -E cmake_link_script CMakeFiles/cmTC_a9725.dir/link.txt --verbose=1
/usr/bin/cc   -DCHECK_FUNCTION_EXISTS=pthread_create    CMakeFiles/cmTC_a9725.dir/CheckFunctionExists.c.o  -o cmTC_a9725 -rdynamic -lpthreads 
/usr/bin/ld: cannot find -lpthreads
collect2: error: ld returned 1 exit status
CMakeFiles/cmTC_a9725.dir/build.make:97: recipe for target 'cmTC_a9725' failed
make[1]: *** [cmTC_a9725] Error 1
make[1]: Leaving directory '/home/robond/Desktop/workspace/GoChaseIt/catkin_ws/build/CMakeFiles/CMakeTmp'
Makefile:126: recipe for target 'cmTC_a9725/fast' failed
make: *** [cmTC_a9725/fast] Error 2


